{"/Users/balkar_singh/Evaluation2/src/Utils/companyUtilities.js": {"path":"/Users/balkar_singh/Evaluation2/src/Utils/companyUtilities.js","statementMap":{"0":{"start":{"line":1,"column":17},"end":{"line":12,"column":1}},"1":{"start":{"line":2,"column":2},"end":{"line":2,"column":26}},"2":{"start":{"line":3,"column":2},"end":{"line":3,"column":29}},"3":{"start":{"line":4,"column":18},"end":{"line":4,"column":20}},"4":{"start":{"line":5,"column":2},"end":{"line":10,"column":5}},"5":{"start":{"line":6,"column":17},"end":{"line":6,"column":35}},"6":{"start":{"line":7,"column":4},"end":{"line":7,"column":34}},"7":{"start":{"line":8,"column":4},"end":{"line":9,"column":64}},"8":{"start":{"line":9,"column":6},"end":{"line":9,"column":64}},"9":{"start":{"line":11,"column":2},"end":{"line":11,"column":17}},"10":{"start":{"line":14,"column":21},"end":{"line":21,"column":1}},"11":{"start":{"line":15,"column":18},"end":{"line":19,"column":6}},"12":{"start":{"line":16,"column":22},"end":{"line":16,"column":37}},"13":{"start":{"line":18,"column":6},"end":{"line":18,"column":28}},"14":{"start":{"line":20,"column":2},"end":{"line":20,"column":17}},"15":{"start":{"line":23,"column":22},"end":{"line":31,"column":1}},"16":{"start":{"line":24,"column":14},"end":{"line":24,"column":56}},"17":{"start":{"line":25,"column":15},"end":{"line":29,"column":6}},"18":{"start":{"line":26,"column":22},"end":{"line":26,"column":37}},"19":{"start":{"line":28,"column":6},"end":{"line":28,"column":18}},"20":{"start":{"line":30,"column":2},"end":{"line":30,"column":14}},"21":{"start":{"line":33,"column":26},"end":{"line":41,"column":1}},"22":{"start":{"line":34,"column":14},"end":{"line":34,"column":64}},"23":{"start":{"line":35,"column":15},"end":{"line":39,"column":6}},"24":{"start":{"line":36,"column":22},"end":{"line":36,"column":37}},"25":{"start":{"line":38,"column":6},"end":{"line":38,"column":18}},"26":{"start":{"line":40,"column":2},"end":{"line":40,"column":14}},"27":{"start":{"line":45,"column":23},"end":{"line":55,"column":1}},"28":{"start":{"line":46,"column":14},"end":{"line":46,"column":15}},"29":{"start":{"line":47,"column":2},"end":{"line":53,"column":5}},"30":{"start":{"line":48,"column":4},"end":{"line":52,"column":5}},"31":{"start":{"line":49,"column":26},"end":{"line":49,"column":50}},"32":{"start":{"line":51,"column":6},"end":{"line":51,"column":134}},"33":{"start":{"line":54,"column":2},"end":{"line":54,"column":15}},"34":{"start":{"line":59,"column":26},"end":{"line":72,"column":1}},"35":{"start":{"line":60,"column":28},"end":{"line":60,"column":30}},"36":{"start":{"line":61,"column":2},"end":{"line":69,"column":3}},"37":{"start":{"line":61,"column":22},"end":{"line":61,"column":23}},"38":{"start":{"line":62,"column":17},"end":{"line":62,"column":78}},"39":{"start":{"line":63,"column":4},"end":{"line":63,"column":32}},"40":{"start":{"line":64,"column":23},"end":{"line":64,"column":127}},"41":{"start":{"line":65,"column":18},"end":{"line":65,"column":98}},"42":{"start":{"line":66,"column":27},"end":{"line":66,"column":203}},"43":{"start":{"line":68,"column":4},"end":{"line":68,"column":43}},"44":{"start":{"line":71,"column":2},"end":{"line":71,"column":27}},"45":{"start":{"line":75,"column":0},"end":{"line":75,"column":113}}},"fnMap":{"0":{"name":"(anonymous_0)","decl":{"start":{"line":1,"column":17},"end":{"line":1,"column":18}},"loc":{"start":{"line":1,"column":27},"end":{"line":12,"column":1}},"line":1},"1":{"name":"(anonymous_1)","decl":{"start":{"line":5,"column":11},"end":{"line":5,"column":12}},"loc":{"start":{"line":5,"column":21},"end":{"line":10,"column":3}},"line":5},"2":{"name":"(anonymous_2)","decl":{"start":{"line":14,"column":21},"end":{"line":14,"column":22}},"loc":{"start":{"line":14,"column":40},"end":{"line":21,"column":1}},"line":14},"3":{"name":"(anonymous_3)","decl":{"start":{"line":16,"column":10},"end":{"line":16,"column":11}},"loc":{"start":{"line":16,"column":22},"end":{"line":16,"column":37}},"line":16},"4":{"name":"(anonymous_4)","decl":{"start":{"line":17,"column":10},"end":{"line":17,"column":11}},"loc":{"start":{"line":17,"column":18},"end":{"line":19,"column":5}},"line":17},"5":{"name":"(anonymous_5)","decl":{"start":{"line":23,"column":22},"end":{"line":23,"column":23}},"loc":{"start":{"line":23,"column":43},"end":{"line":31,"column":1}},"line":23},"6":{"name":"(anonymous_6)","decl":{"start":{"line":26,"column":10},"end":{"line":26,"column":11}},"loc":{"start":{"line":26,"column":22},"end":{"line":26,"column":37}},"line":26},"7":{"name":"(anonymous_7)","decl":{"start":{"line":27,"column":10},"end":{"line":27,"column":11}},"loc":{"start":{"line":27,"column":18},"end":{"line":29,"column":5}},"line":27},"8":{"name":"(anonymous_8)","decl":{"start":{"line":33,"column":26},"end":{"line":33,"column":27}},"loc":{"start":{"line":33,"column":51},"end":{"line":41,"column":1}},"line":33},"9":{"name":"(anonymous_9)","decl":{"start":{"line":36,"column":10},"end":{"line":36,"column":11}},"loc":{"start":{"line":36,"column":22},"end":{"line":36,"column":37}},"line":36},"10":{"name":"(anonymous_10)","decl":{"start":{"line":37,"column":10},"end":{"line":37,"column":11}},"loc":{"start":{"line":37,"column":18},"end":{"line":39,"column":5}},"line":37},"11":{"name":"(anonymous_11)","decl":{"start":{"line":45,"column":23},"end":{"line":45,"column":24}},"loc":{"start":{"line":45,"column":54},"end":{"line":55,"column":1}},"line":45},"12":{"name":"(anonymous_12)","decl":{"start":{"line":47,"column":25},"end":{"line":47,"column":26}},"loc":{"start":{"line":47,"column":36},"end":{"line":53,"column":3}},"line":47},"13":{"name":"(anonymous_13)","decl":{"start":{"line":59,"column":26},"end":{"line":59,"column":27}},"loc":{"start":{"line":59,"column":58},"end":{"line":72,"column":1}},"line":59}},"branchMap":{"0":{"loc":{"start":{"line":8,"column":4},"end":{"line":9,"column":64}},"type":"if","locations":[{"start":{"line":8,"column":4},"end":{"line":9,"column":64}},{"start":{},"end":{}}],"line":8},"1":{"loc":{"start":{"line":48,"column":4},"end":{"line":52,"column":5}},"type":"if","locations":[{"start":{"line":48,"column":4},"end":{"line":52,"column":5}},{"start":{},"end":{}}],"line":48}},"s":{"0":1,"1":3,"2":2,"3":2,"4":2,"5":3,"6":3,"7":3,"8":1,"9":2,"10":1,"11":1,"12":1,"13":1,"14":0,"15":1,"16":2,"17":2,"18":2,"19":2,"20":2,"21":1,"22":2,"23":2,"24":2,"25":2,"26":2,"27":1,"28":2,"29":2,"30":2,"31":1,"32":1,"33":2,"34":1,"35":0,"36":0,"37":0,"38":0,"39":0,"40":0,"41":0,"42":0,"43":0,"44":0,"45":1},"f":{"0":3,"1":3,"2":1,"3":1,"4":1,"5":2,"6":2,"7":2,"8":2,"9":2,"10":2,"11":2,"12":2,"13":0},"b":{"0":[1,2],"1":[1,1]},"_coverageSchema":"1a1c01bbd47fc00a2c39e90264f33305004495a9","hash":"d8d077f57a2e4656e54c77e9b404a79b5fb26a4f"}
}
