{"/Users/balkar_singh/Evaluation2/Errors/httpErrors.js": {"path":"/Users/balkar_singh/Evaluation2/Errors/httpErrors.js","statementMap":{"0":{"start":{"line":3,"column":8},"end":{"line":3,"column":23}},"1":{"start":{"line":4,"column":8},"end":{"line":4,"column":31}},"2":{"start":{"line":5,"column":8},"end":{"line":5,"column":30}},"3":{"start":{"line":8,"column":0},"end":{"line":8,"column":28}}},"fnMap":{"0":{"name":"(anonymous_0)","decl":{"start":{"line":2,"column":4},"end":{"line":2,"column":5}},"loc":{"start":{"line":2,"column":36},"end":{"line":6,"column":5}},"line":2}},"branchMap":{},"s":{"0":2,"1":2,"2":2,"3":1},"f":{"0":2},"b":{},"_coverageSchema":"1a1c01bbd47fc00a2c39e90264f33305004495a9","hash":"31348060da6701892102abef046d04bc56928693"}
,"/Users/balkar_singh/Evaluation2/database/models/company.js": {"path":"/Users/balkar_singh/Evaluation2/database/models/company.js","statementMap":{"0":{"start":{"line":4,"column":4},"end":{"line":4,"column":24}},"1":{"start":{"line":5,"column":0},"end":{"line":27,"column":2}},"2":{"start":{"line":16,"column":2},"end":{"line":25,"column":5}},"3":{"start":{"line":26,"column":2},"end":{"line":26,"column":17}}},"fnMap":{"0":{"name":"(anonymous_0)","decl":{"start":{"line":5,"column":17},"end":{"line":5,"column":18}},"loc":{"start":{"line":5,"column":43},"end":{"line":27,"column":1}},"line":5},"1":{"name":"(anonymous_1)","decl":{"start":{"line":12,"column":4},"end":{"line":12,"column":5}},"loc":{"start":{"line":12,"column":29},"end":{"line":14,"column":5}},"line":12}},"branchMap":{},"s":{"0":1,"1":1,"2":1,"3":1},"f":{"0":1,"1":1},"b":{},"_coverageSchema":"1a1c01bbd47fc00a2c39e90264f33305004495a9","hash":"095d71a3ab30259df3e7ce7eac8ad1ea727e578c"}
,"/Users/balkar_singh/Evaluation2/database/models/index.js": {"path":"/Users/balkar_singh/Evaluation2/database/models/index.js","statementMap":{"0":{"start":{"line":3,"column":11},"end":{"line":3,"column":24}},"1":{"start":{"line":4,"column":13},"end":{"line":4,"column":28}},"2":{"start":{"line":5,"column":18},"end":{"line":5,"column":38}},"3":{"start":{"line":6,"column":16},"end":{"line":6,"column":34}},"4":{"start":{"line":7,"column":17},"end":{"line":7,"column":42}},"5":{"start":{"line":8,"column":12},"end":{"line":8,"column":49}},"6":{"start":{"line":9,"column":15},"end":{"line":9,"column":65}},"7":{"start":{"line":10,"column":11},"end":{"line":10,"column":13}},"8":{"start":{"line":13,"column":0},"end":{"line":17,"column":1}},"9":{"start":{"line":14,"column":2},"end":{"line":14,"column":74}},"10":{"start":{"line":16,"column":2},"end":{"line":16,"column":87}},"11":{"start":{"line":19,"column":0},"end":{"line":32,"column":5}},"12":{"start":{"line":22,"column":4},"end":{"line":27,"column":6}},"13":{"start":{"line":30,"column":18},"end":{"line":30,"column":85}},"14":{"start":{"line":31,"column":4},"end":{"line":31,"column":27}},"15":{"start":{"line":34,"column":0},"end":{"line":38,"column":3}},"16":{"start":{"line":35,"column":2},"end":{"line":37,"column":3}},"17":{"start":{"line":36,"column":4},"end":{"line":36,"column":32}},"18":{"start":{"line":40,"column":0},"end":{"line":40,"column":25}},"19":{"start":{"line":41,"column":0},"end":{"line":41,"column":25}},"20":{"start":{"line":43,"column":0},"end":{"line":43,"column":20}}},"fnMap":{"0":{"name":"(anonymous_0)","decl":{"start":{"line":21,"column":10},"end":{"line":21,"column":11}},"loc":{"start":{"line":21,"column":18},"end":{"line":28,"column":3}},"line":21},"1":{"name":"(anonymous_1)","decl":{"start":{"line":29,"column":11},"end":{"line":29,"column":12}},"loc":{"start":{"line":29,"column":19},"end":{"line":32,"column":3}},"line":29},"2":{"name":"(anonymous_2)","decl":{"start":{"line":34,"column":24},"end":{"line":34,"column":25}},"loc":{"start":{"line":34,"column":37},"end":{"line":38,"column":1}},"line":34}},"branchMap":{"0":{"loc":{"start":{"line":8,"column":12},"end":{"line":8,"column":49}},"type":"binary-expr","locations":[{"start":{"line":8,"column":12},"end":{"line":8,"column":32}},{"start":{"line":8,"column":36},"end":{"line":8,"column":49}}],"line":8},"1":{"loc":{"start":{"line":13,"column":0},"end":{"line":17,"column":1}},"type":"if","locations":[{"start":{"line":13,"column":0},"end":{"line":17,"column":1}},{"start":{"line":15,"column":7},"end":{"line":17,"column":1}}],"line":13},"2":{"loc":{"start":{"line":23,"column":6},"end":{"line":26,"column":37}},"type":"binary-expr","locations":[{"start":{"line":23,"column":6},"end":{"line":23,"column":29}},{"start":{"line":24,"column":6},"end":{"line":24,"column":23}},{"start":{"line":25,"column":6},"end":{"line":25,"column":30}},{"start":{"line":26,"column":6},"end":{"line":26,"column":37}}],"line":23},"3":{"loc":{"start":{"line":35,"column":2},"end":{"line":37,"column":3}},"type":"if","locations":[{"start":{"line":35,"column":2},"end":{"line":37,"column":3}},{"start":{},"end":{}}],"line":35}},"s":{"0":1,"1":1,"2":1,"3":1,"4":1,"5":1,"6":1,"7":1,"8":1,"9":0,"10":1,"11":1,"12":2,"13":1,"14":1,"15":1,"16":1,"17":1,"18":1,"19":1,"20":1},"f":{"0":2,"1":1,"2":1},"b":{"0":[1,0],"1":[0,1],"2":[2,2,1,1],"3":[1,0]},"_coverageSchema":"1a1c01bbd47fc00a2c39e90264f33305004495a9","hash":"7ddad6becc652aa00459d133b519aeedbc17784a"}
,"/Users/balkar_singh/Evaluation2/src/Controllers/companyDetailController.js": {"path":"/Users/balkar_singh/Evaluation2/src/Controllers/companyDetailController.js","statementMap":{"0":{"start":{"line":1,"column":30},"end":{"line":1,"column":73}},"1":{"start":{"line":2,"column":19},"end":{"line":2,"column":53}},"2":{"start":{"line":4,"column":19},"end":{"line":16,"column":1}},"3":{"start":{"line":5,"column":2},"end":{"line":15,"column":3}},"4":{"start":{"line":6,"column":27},"end":{"line":6,"column":83}},"5":{"start":{"line":7,"column":4},"end":{"line":7,"column":41}},"6":{"start":{"line":9,"column":4},"end":{"line":14,"column":5}},"7":{"start":{"line":10,"column":6},"end":{"line":10,"column":45}},"8":{"start":{"line":13,"column":6},"end":{"line":13,"column":68}},"9":{"start":{"line":18,"column":20},"end":{"line":31,"column":1}},"10":{"start":{"line":19,"column":2},"end":{"line":30,"column":3}},"11":{"start":{"line":21,"column":27},"end":{"line":21,"column":84}},"12":{"start":{"line":22,"column":4},"end":{"line":22,"column":41}},"13":{"start":{"line":24,"column":4},"end":{"line":29,"column":5}},"14":{"start":{"line":25,"column":6},"end":{"line":25,"column":45}},"15":{"start":{"line":28,"column":6},"end":{"line":28,"column":68}},"16":{"start":{"line":34,"column":0},"end":{"line":34,"column":45}}},"fnMap":{"0":{"name":"(anonymous_0)","decl":{"start":{"line":4,"column":19},"end":{"line":4,"column":20}},"loc":{"start":{"line":4,"column":39},"end":{"line":16,"column":1}},"line":4},"1":{"name":"(anonymous_1)","decl":{"start":{"line":18,"column":20},"end":{"line":18,"column":21}},"loc":{"start":{"line":18,"column":40},"end":{"line":31,"column":1}},"line":18}},"branchMap":{"0":{"loc":{"start":{"line":9,"column":4},"end":{"line":14,"column":5}},"type":"if","locations":[{"start":{"line":9,"column":4},"end":{"line":14,"column":5}},{"start":{"line":12,"column":9},"end":{"line":14,"column":5}}],"line":9},"1":{"loc":{"start":{"line":24,"column":4},"end":{"line":29,"column":5}},"type":"if","locations":[{"start":{"line":24,"column":4},"end":{"line":29,"column":5}},{"start":{"line":27,"column":9},"end":{"line":29,"column":5}}],"line":24}},"s":{"0":1,"1":1,"2":1,"3":3,"4":3,"5":1,"6":2,"7":1,"8":1,"9":1,"10":3,"11":3,"12":1,"13":2,"14":1,"15":1,"16":1},"f":{"0":3,"1":3},"b":{"0":[1,1],"1":[1,1]},"_coverageSchema":"1a1c01bbd47fc00a2c39e90264f33305004495a9","hash":"e624091959812183d8873061109f58ec6045e65f"}
,"/Users/balkar_singh/Evaluation2/src/Services/companyDetailManager.js": {"path":"/Users/balkar_singh/Evaluation2/src/Services/companyDetailManager.js","statementMap":{"0":{"start":{"line":1,"column":20},"end":{"line":1,"column":52}},"1":{"start":{"line":2,"column":19},"end":{"line":2,"column":53}},"2":{"start":{"line":3,"column":17},"end":{"line":14,"column":1}},"3":{"start":{"line":4,"column":2},"end":{"line":4,"column":26}},"4":{"start":{"line":5,"column":2},"end":{"line":5,"column":29}},"5":{"start":{"line":6,"column":18},"end":{"line":6,"column":20}},"6":{"start":{"line":7,"column":2},"end":{"line":12,"column":5}},"7":{"start":{"line":8,"column":17},"end":{"line":8,"column":35}},"8":{"start":{"line":9,"column":4},"end":{"line":9,"column":34}},"9":{"start":{"line":10,"column":4},"end":{"line":11,"column":64}},"10":{"start":{"line":11,"column":6},"end":{"line":11,"column":64}},"11":{"start":{"line":13,"column":2},"end":{"line":13,"column":17}},"12":{"start":{"line":15,"column":21},"end":{"line":22,"column":1}},"13":{"start":{"line":16,"column":18},"end":{"line":20,"column":6}},"14":{"start":{"line":17,"column":22},"end":{"line":17,"column":37}},"15":{"start":{"line":19,"column":6},"end":{"line":19,"column":28}},"16":{"start":{"line":21,"column":2},"end":{"line":21,"column":17}},"17":{"start":{"line":25,"column":26},"end":{"line":33,"column":1}},"18":{"start":{"line":26,"column":14},"end":{"line":26,"column":64}},"19":{"start":{"line":27,"column":15},"end":{"line":31,"column":6}},"20":{"start":{"line":28,"column":22},"end":{"line":28,"column":37}},"21":{"start":{"line":30,"column":6},"end":{"line":30,"column":18}},"22":{"start":{"line":32,"column":2},"end":{"line":32,"column":14}},"23":{"start":{"line":36,"column":22},"end":{"line":44,"column":1}},"24":{"start":{"line":37,"column":14},"end":{"line":37,"column":56}},"25":{"start":{"line":38,"column":15},"end":{"line":42,"column":6}},"26":{"start":{"line":39,"column":22},"end":{"line":39,"column":37}},"27":{"start":{"line":41,"column":6},"end":{"line":41,"column":18}},"28":{"start":{"line":43,"column":2},"end":{"line":43,"column":14}},"29":{"start":{"line":56,"column":23},"end":{"line":66,"column":1}},"30":{"start":{"line":57,"column":14},"end":{"line":57,"column":15}},"31":{"start":{"line":58,"column":2},"end":{"line":64,"column":5}},"32":{"start":{"line":59,"column":4},"end":{"line":63,"column":5}},"33":{"start":{"line":60,"column":26},"end":{"line":60,"column":50}},"34":{"start":{"line":62,"column":6},"end":{"line":62,"column":134}},"35":{"start":{"line":65,"column":2},"end":{"line":65,"column":15}},"36":{"start":{"line":67,"column":26},"end":{"line":67,"column":28}},"37":{"start":{"line":68,"column":26},"end":{"line":81,"column":1}},"38":{"start":{"line":70,"column":2},"end":{"line":78,"column":3}},"39":{"start":{"line":70,"column":22},"end":{"line":70,"column":23}},"40":{"start":{"line":71,"column":17},"end":{"line":71,"column":78}},"41":{"start":{"line":72,"column":4},"end":{"line":72,"column":32}},"42":{"start":{"line":73,"column":23},"end":{"line":73,"column":127}},"43":{"start":{"line":74,"column":18},"end":{"line":74,"column":98}},"44":{"start":{"line":75,"column":27},"end":{"line":75,"column":203}},"45":{"start":{"line":77,"column":4},"end":{"line":77,"column":43}},"46":{"start":{"line":80,"column":2},"end":{"line":80,"column":27}},"47":{"start":{"line":83,"column":19},"end":{"line":87,"column":1}},"48":{"start":{"line":84,"column":31},"end":{"line":84,"column":58}},"49":{"start":{"line":85,"column":29},"end":{"line":85,"column":74}},"50":{"start":{"line":86,"column":2},"end":{"line":86,"column":28}},"51":{"start":{"line":88,"column":20},"end":{"line":96,"column":1}},"52":{"start":{"line":89,"column":17},"end":{"line":89,"column":19}},"53":{"start":{"line":90,"column":2},"end":{"line":94,"column":5}},"54":{"start":{"line":91,"column":4},"end":{"line":93,"column":5}},"55":{"start":{"line":92,"column":6},"end":{"line":92,"column":26}},"56":{"start":{"line":95,"column":2},"end":{"line":95,"column":16}},"57":{"start":{"line":97,"column":0},"end":{"line":97,"column":45}}},"fnMap":{"0":{"name":"(anonymous_0)","decl":{"start":{"line":3,"column":17},"end":{"line":3,"column":18}},"loc":{"start":{"line":3,"column":27},"end":{"line":14,"column":1}},"line":3},"1":{"name":"(anonymous_1)","decl":{"start":{"line":7,"column":11},"end":{"line":7,"column":12}},"loc":{"start":{"line":7,"column":21},"end":{"line":12,"column":3}},"line":7},"2":{"name":"(anonymous_2)","decl":{"start":{"line":15,"column":21},"end":{"line":15,"column":22}},"loc":{"start":{"line":15,"column":40},"end":{"line":22,"column":1}},"line":15},"3":{"name":"(anonymous_3)","decl":{"start":{"line":17,"column":10},"end":{"line":17,"column":11}},"loc":{"start":{"line":17,"column":22},"end":{"line":17,"column":37}},"line":17},"4":{"name":"(anonymous_4)","decl":{"start":{"line":18,"column":10},"end":{"line":18,"column":11}},"loc":{"start":{"line":18,"column":18},"end":{"line":20,"column":5}},"line":18},"5":{"name":"(anonymous_5)","decl":{"start":{"line":25,"column":26},"end":{"line":25,"column":27}},"loc":{"start":{"line":25,"column":51},"end":{"line":33,"column":1}},"line":25},"6":{"name":"(anonymous_6)","decl":{"start":{"line":28,"column":10},"end":{"line":28,"column":11}},"loc":{"start":{"line":28,"column":22},"end":{"line":28,"column":37}},"line":28},"7":{"name":"(anonymous_7)","decl":{"start":{"line":29,"column":10},"end":{"line":29,"column":11}},"loc":{"start":{"line":29,"column":18},"end":{"line":31,"column":5}},"line":29},"8":{"name":"(anonymous_8)","decl":{"start":{"line":36,"column":22},"end":{"line":36,"column":23}},"loc":{"start":{"line":36,"column":43},"end":{"line":44,"column":1}},"line":36},"9":{"name":"(anonymous_9)","decl":{"start":{"line":39,"column":10},"end":{"line":39,"column":11}},"loc":{"start":{"line":39,"column":22},"end":{"line":39,"column":37}},"line":39},"10":{"name":"(anonymous_10)","decl":{"start":{"line":40,"column":10},"end":{"line":40,"column":11}},"loc":{"start":{"line":40,"column":18},"end":{"line":42,"column":5}},"line":40},"11":{"name":"(anonymous_11)","decl":{"start":{"line":56,"column":23},"end":{"line":56,"column":24}},"loc":{"start":{"line":56,"column":54},"end":{"line":66,"column":1}},"line":56},"12":{"name":"(anonymous_12)","decl":{"start":{"line":58,"column":25},"end":{"line":58,"column":26}},"loc":{"start":{"line":58,"column":36},"end":{"line":64,"column":3}},"line":58},"13":{"name":"(anonymous_13)","decl":{"start":{"line":68,"column":26},"end":{"line":68,"column":27}},"loc":{"start":{"line":68,"column":58},"end":{"line":81,"column":1}},"line":68},"14":{"name":"(anonymous_14)","decl":{"start":{"line":83,"column":19},"end":{"line":83,"column":20}},"loc":{"start":{"line":83,"column":38},"end":{"line":87,"column":1}},"line":83},"15":{"name":"(anonymous_15)","decl":{"start":{"line":88,"column":20},"end":{"line":88,"column":21}},"loc":{"start":{"line":88,"column":32},"end":{"line":96,"column":1}},"line":88},"16":{"name":"(anonymous_16)","decl":{"start":{"line":90,"column":28},"end":{"line":90,"column":29}},"loc":{"start":{"line":90,"column":38},"end":{"line":94,"column":3}},"line":90}},"branchMap":{"0":{"loc":{"start":{"line":10,"column":4},"end":{"line":11,"column":64}},"type":"if","locations":[{"start":{"line":10,"column":4},"end":{"line":11,"column":64}},{"start":{},"end":{}}],"line":10},"1":{"loc":{"start":{"line":59,"column":4},"end":{"line":63,"column":5}},"type":"if","locations":[{"start":{"line":59,"column":4},"end":{"line":63,"column":5}},{"start":{},"end":{}}],"line":59},"2":{"loc":{"start":{"line":91,"column":4},"end":{"line":93,"column":5}},"type":"if","locations":[{"start":{"line":91,"column":4},"end":{"line":93,"column":5}},{"start":{},"end":{}}],"line":91}},"s":{"0":1,"1":1,"2":1,"3":0,"4":0,"5":0,"6":0,"7":0,"8":0,"9":0,"10":0,"11":0,"12":1,"13":0,"14":0,"15":0,"16":0,"17":1,"18":0,"19":0,"20":0,"21":0,"22":0,"23":1,"24":0,"25":0,"26":0,"27":0,"28":0,"29":1,"30":0,"31":0,"32":0,"33":0,"34":0,"35":0,"36":1,"37":1,"38":0,"39":0,"40":0,"41":0,"42":0,"43":0,"44":0,"45":0,"46":0,"47":1,"48":0,"49":0,"50":0,"51":1,"52":0,"53":0,"54":0,"55":0,"56":0,"57":1},"f":{"0":0,"1":0,"2":0,"3":0,"4":0,"5":0,"6":0,"7":0,"8":0,"9":0,"10":0,"11":0,"12":0,"13":0,"14":0,"15":0,"16":0},"b":{"0":[0,0],"1":[0,0],"2":[0,0]},"_coverageSchema":"1a1c01bbd47fc00a2c39e90264f33305004495a9","hash":"41dcb63c7208b82acdb28df6f2f16f283250adc3"}
}
